[0m21:11:50.882684 [debug] [MainThread]: Sending event: {'category': 'dbt', 'action': 'invocation', 'label': 'start', 'context': [<snowplow_tracker.self_describing_json.SelfDescribingJson object at 0x000001D76DDBD5E0>, <snowplow_tracker.self_describing_json.SelfDescribingJson object at 0x000001D76DA81A90>, <snowplow_tracker.self_describing_json.SelfDescribingJson object at 0x000001D76DA81B50>]}


============================== 21:11:50.882684 | 9df01e5e-e35e-4395-9162-5521a46fcb97 ==============================
[0m21:11:50.882684 [info ] [MainThread]: Running with dbt=1.11.6
[0m21:11:50.882684 [debug] [MainThread]: running dbt with arguments {'static_parser': 'True', 'no_print': 'None', 'version_check': 'True', 'target_path': 'None', 'warn_error_options': 'WarnErrorOptionsV2(error=[], warn=[], silence=[])', 'printer_width': '80', 'write_json': 'True', 'empty': 'None', 'log_cache_events': 'False', 'introspect': 'True', 'cache_selected_only': 'False', 'fail_fast': 'False', 'debug': 'False', 'log_format': 'default', 'partial_parse': 'True', 'send_anonymous_usage_stats': 'True', 'quiet': 'False', 'warn_error': 'None', 'profiles_dir': 'C:\\Users\\pjkno\\.dbt', 'indirect_selection': 'eager', 'invocation_command': 'dbt init jaffle_shop', 'use_colors': 'True', 'use_experimental_parser': 'False', 'log_path': 'logs'}
[0m21:11:50.895315 [debug] [MainThread]: Starter project path: C:\Users\pjkno\Documents\dbt-project\dbt-env\Lib\site-packages\dbt\include\starter_project
[0m21:11:50.910535 [info ] [MainThread]: 
Your new dbt project "jaffle_shop" was created!

For more information on how to configure the profiles.yml file,
please consult the dbt documentation here:

  https://docs.getdbt.com/docs/configure-your-profile

One more thing:

Need help? Don't hesitate to reach out to us via GitHub issues or on Slack:

  https://community.getdbt.com/

Happy modeling!

[0m21:11:50.911432 [info ] [MainThread]: Setting up your profile.
[0m21:12:35.560641 [debug] [MainThread]: Command `dbt init` succeeded at 21:12:35.560641 after 44.84 seconds
[0m21:12:35.561640 [debug] [MainThread]: Sending event: {'category': 'dbt', 'action': 'invocation', 'label': 'end', 'context': [<snowplow_tracker.self_describing_json.SelfDescribingJson object at 0x000001D76E2EE270>, <snowplow_tracker.self_describing_json.SelfDescribingJson object at 0x000001D76E2EE060>, <snowplow_tracker.self_describing_json.SelfDescribingJson object at 0x000001D76DD19C40>]}
[0m21:12:35.561640 [debug] [MainThread]: Flushing usage events
[0m21:12:36.278980 [debug] [MainThread]: An error was encountered while trying to flush usage events
[0m21:44:25.252280 [debug] [MainThread]: Sending event: {'category': 'dbt', 'action': 'invocation', 'label': 'start', 'context': [<snowplow_tracker.self_describing_json.SelfDescribingJson object at 0x00000208943FB710>, <snowplow_tracker.self_describing_json.SelfDescribingJson object at 0x0000020894D897F0>, <snowplow_tracker.self_describing_json.SelfDescribingJson object at 0x00000208943F9F40>]}


============================== 21:44:25.257809 | fa6f5ee1-a40c-4174-a7cc-ae65a7393da8 ==============================
[0m21:44:25.257809 [info ] [MainThread]: Running with dbt=1.11.6
[0m21:44:25.258820 [debug] [MainThread]: running dbt with arguments {'static_parser': 'True', 'no_print': 'None', 'version_check': 'True', 'target_path': 'None', 'warn_error_options': 'WarnErrorOptionsV2(error=[], warn=[], silence=[])', 'printer_width': '80', 'write_json': 'True', 'empty': 'None', 'log_cache_events': 'False', 'introspect': 'True', 'cache_selected_only': 'False', 'log_format': 'default', 'debug': 'False', 'fail_fast': 'False', 'partial_parse': 'True', 'send_anonymous_usage_stats': 'True', 'quiet': 'False', 'warn_error': 'None', 'profiles_dir': 'C:\\Users\\pjkno\\.dbt', 'indirect_selection': 'eager', 'use_colors': 'True', 'invocation_command': 'dbt seed', 'use_experimental_parser': 'False', 'log_path': 'logs'}
[0m21:44:25.259150 [error] [MainThread]: Encountered an error:
Runtime Error
  No dbt_project.yml found at expected path C:\Users\pjkno\Documents\dbt-project\dbt_project.yml
  Verify that each entry within packages.yml (and their transitive dependencies) contains a file named dbt_project.yml
  
[0m21:44:25.259150 [debug] [MainThread]: Command `dbt seed` failed at 21:44:25.259150 after 0.15 seconds
[0m21:44:25.261080 [debug] [MainThread]: Sending event: {'category': 'dbt', 'action': 'invocation', 'label': 'end', 'context': [<snowplow_tracker.self_describing_json.SelfDescribingJson object at 0x00000208950D5C70>, <snowplow_tracker.self_describing_json.SelfDescribingJson object at 0x00000208950D5BB0>, <snowplow_tracker.self_describing_json.SelfDescribingJson object at 0x0000020894F3EB40>]}
[0m21:44:25.261080 [debug] [MainThread]: Flushing usage events
[0m21:44:25.985713 [debug] [MainThread]: An error was encountered while trying to flush usage events
